{"/home/panda/Desktop/hello_react/src/Body.jsx": {"path":"/home/panda/Desktop/hello_react/src/Body.jsx","statementMap":{"0":{"start":{"line":8,"column":11},"end":{"line":60,"column":1}},"1":{"start":{"line":10,"column":35},"end":{"line":10,"column":47}},"2":{"start":{"line":11,"column":4},"end":{"line":13,"column":10}},"3":{"start":{"line":12,"column":8},"end":{"line":12,"column":19}},"4":{"start":{"line":14,"column":39},"end":{"line":14,"column":62}},"5":{"start":{"line":16,"column":50},"end":{"line":16,"column":69}},"6":{"start":{"line":17,"column":20},"end":{"line":23,"column":5}},"7":{"start":{"line":18,"column":19},"end":{"line":18,"column":146}},"8":{"start":{"line":19,"column":24},"end":{"line":19,"column":41}},"9":{"start":{"line":21,"column":8},"end":{"line":21,"column":102}},"10":{"start":{"line":22,"column":8},"end":{"line":22,"column":110}},"11":{"start":{"line":24,"column":39},"end":{"line":24,"column":51}},"12":{"start":{"line":25,"column":26},"end":{"line":25,"column":43}},"13":{"start":{"line":27,"column":3},"end":{"line":30,"column":4}},"14":{"start":{"line":29,"column":4},"end":{"line":29,"column":21}},"15":{"start":{"line":33,"column":4},"end":{"line":59,"column":5}},"16":{"start":{"line":35,"column":93},"end":{"line":35,"column":123}},"17":{"start":{"line":36,"column":58},"end":{"line":36,"column":168}},"18":{"start":{"line":36,"column":103},"end":{"line":36,"column":166}},"19":{"start":{"line":38,"column":12},"end":{"line":38,"column":82}},"20":{"start":{"line":38,"column":57},"end":{"line":38,"column":79}},"21":{"start":{"line":43,"column":70},"end":{"line":43,"column":97}},"22":{"start":{"line":46,"column":57},"end":{"line":47,"column":137}}},"fnMap":{"0":{"name":"(anonymous_0)","decl":{"start":{"line":8,"column":11},"end":{"line":8,"column":12}},"loc":{"start":{"line":8,"column":15},"end":{"line":60,"column":1}},"line":8},"1":{"name":"(anonymous_1)","decl":{"start":{"line":11,"column":14},"end":{"line":11,"column":15}},"loc":{"start":{"line":11,"column":18},"end":{"line":13,"column":5}},"line":11},"2":{"name":"(anonymous_2)","decl":{"start":{"line":17,"column":20},"end":{"line":17,"column":21}},"loc":{"start":{"line":17,"column":30},"end":{"line":23,"column":5}},"line":17},"3":{"name":"(anonymous_3)","decl":{"start":{"line":35,"column":87},"end":{"line":35,"column":88}},"loc":{"start":{"line":35,"column":92},"end":{"line":35,"column":124}},"line":35},"4":{"name":"(anonymous_4)","decl":{"start":{"line":36,"column":53},"end":{"line":36,"column":54}},"loc":{"start":{"line":36,"column":57},"end":{"line":36,"column":169}},"line":36},"5":{"name":"(anonymous_5)","decl":{"start":{"line":36,"column":96},"end":{"line":36,"column":97}},"loc":{"start":{"line":36,"column":103},"end":{"line":36,"column":166}},"line":36},"6":{"name":"(anonymous_6)","decl":{"start":{"line":37,"column":79},"end":{"line":37,"column":80}},"loc":{"start":{"line":37,"column":83},"end":{"line":39,"column":12}},"line":37},"7":{"name":"(anonymous_7)","decl":{"start":{"line":38,"column":50},"end":{"line":38,"column":51}},"loc":{"start":{"line":38,"column":57},"end":{"line":38,"column":79}},"line":38},"8":{"name":"(anonymous_8)","decl":{"start":{"line":43,"column":64},"end":{"line":43,"column":65}},"loc":{"start":{"line":43,"column":70},"end":{"line":43,"column":97}},"line":43},"9":{"name":"(anonymous_9)","decl":{"start":{"line":46,"column":42},"end":{"line":46,"column":43}},"loc":{"start":{"line":46,"column":57},"end":{"line":47,"column":137}},"line":46}},"branchMap":{"0":{"loc":{"start":{"line":27,"column":3},"end":{"line":30,"column":4}},"type":"if","locations":[{"start":{"line":27,"column":3},"end":{"line":30,"column":4}},{"start":{},"end":{}}],"line":27},"1":{"loc":{"start":{"line":47,"column":25},"end":{"line":47,"column":129}},"type":"cond-expr","locations":[{"start":{"line":47,"column":48},"end":{"line":47,"column":84}},{"start":{"line":47,"column":85},"end":{"line":47,"column":129}}],"line":47}},"s":{"0":1,"1":7,"2":7,"3":2,"4":7,"5":7,"6":7,"7":2,"8":2,"9":2,"10":2,"11":7,"12":7,"13":7,"14":2,"15":5,"16":1,"17":1,"18":20,"19":1,"20":20,"21":0,"22":76},"f":{"0":7,"1":2,"2":2,"3":1,"4":1,"5":20,"6":1,"7":20,"8":0,"9":76},"b":{"0":[2,5],"1":[76,0]},"_coverageSchema":"1a1c01bbd47fc00a2c39e90264f33305004495a9","hash":"63327ef006d797212470924a4425cc6c96b67d53"}
,"/home/panda/Desktop/hello_react/src/Cart.jsx": {"path":"/home/panda/Desktop/hello_react/src/Cart.jsx","statementMap":{"0":{"start":{"line":7,"column":11},"end":{"line":21,"column":1}},"1":{"start":{"line":8,"column":20},"end":{"line":8,"column":58}},"2":{"start":{"line":8,"column":41},"end":{"line":8,"column":57}},"3":{"start":{"line":9,"column":4},"end":{"line":9,"column":27}},"4":{"start":{"line":10,"column":19},"end":{"line":10,"column":32}},"5":{"start":{"line":11,"column":27},"end":{"line":13,"column":5}},"6":{"start":{"line":12,"column":8},"end":{"line":12,"column":30}},"7":{"start":{"line":14,"column":4},"end":{"line":20,"column":5}}},"fnMap":{"0":{"name":"(anonymous_0)","decl":{"start":{"line":7,"column":11},"end":{"line":7,"column":12}},"loc":{"start":{"line":7,"column":15},"end":{"line":21,"column":1}},"line":7},"1":{"name":"(anonymous_1)","decl":{"start":{"line":8,"column":32},"end":{"line":8,"column":33}},"loc":{"start":{"line":8,"column":41},"end":{"line":8,"column":57}},"line":8},"2":{"name":"(anonymous_2)","decl":{"start":{"line":11,"column":27},"end":{"line":11,"column":28}},"loc":{"start":{"line":11,"column":31},"end":{"line":13,"column":5}},"line":11}},"branchMap":{},"s":{"0":1,"1":2,"2":4,"3":2,"4":2,"5":2,"6":0,"7":2},"f":{"0":2,"1":4,"2":0},"b":{},"_coverageSchema":"1a1c01bbd47fc00a2c39e90264f33305004495a9","hash":"17ff75c4d3dfbe5f95ea2094851181f64e1e2ed6"}
,"/home/panda/Desktop/hello_react/src/Contact.jsx": {"path":"/home/panda/Desktop/hello_react/src/Contact.jsx","statementMap":{"0":{"start":{"line":1,"column":14},"end":{"line":6,"column":1}},"1":{"start":{"line":2,"column":4},"end":{"line":5,"column":10}}},"fnMap":{"0":{"name":"(anonymous_0)","decl":{"start":{"line":1,"column":14},"end":{"line":1,"column":15}},"loc":{"start":{"line":1,"column":18},"end":{"line":6,"column":1}},"line":1}},"branchMap":{},"s":{"0":1,"1":1},"f":{"0":1},"b":{},"_coverageSchema":"1a1c01bbd47fc00a2c39e90264f33305004495a9","hash":"86c02c924d4f62cb65556164214e973f63c2ad34"}
,"/home/panda/Desktop/hello_react/src/Header.jsx": {"path":"/home/panda/Desktop/hello_react/src/Header.jsx","statementMap":{"0":{"start":{"line":7,"column":13},"end":{"line":33,"column":1}},"1":{"start":{"line":8,"column":33},"end":{"line":8,"column":50}},"2":{"start":{"line":9,"column":15},"end":{"line":9,"column":38}},"3":{"start":{"line":10,"column":20},"end":{"line":10,"column":58}},"4":{"start":{"line":10,"column":41},"end":{"line":10,"column":57}},"5":{"start":{"line":11,"column":4},"end":{"line":32,"column":5}},"6":{"start":{"line":24,"column":60},"end":{"line":24,"column":122}}},"fnMap":{"0":{"name":"(anonymous_0)","decl":{"start":{"line":7,"column":13},"end":{"line":7,"column":14}},"loc":{"start":{"line":7,"column":17},"end":{"line":33,"column":1}},"line":7},"1":{"name":"(anonymous_1)","decl":{"start":{"line":10,"column":32},"end":{"line":10,"column":33}},"loc":{"start":{"line":10,"column":41},"end":{"line":10,"column":57}},"line":10},"2":{"name":"(anonymous_2)","decl":{"start":{"line":24,"column":55},"end":{"line":24,"column":56}},"loc":{"start":{"line":24,"column":59},"end":{"line":26,"column":9}},"line":24}},"branchMap":{"0":{"loc":{"start":{"line":24,"column":60},"end":{"line":24,"column":121}},"type":"cond-expr","locations":[{"start":{"line":24,"column":79},"end":{"line":24,"column":100}},{"start":{"line":24,"column":101},"end":{"line":24,"column":121}}],"line":24}},"s":{"0":2,"1":6,"2":6,"3":6,"4":11,"5":6,"6":1},"f":{"0":6,"1":11,"2":1},"b":{"0":[1,0]},"_coverageSchema":"1a1c01bbd47fc00a2c39e90264f33305004495a9","hash":"01971254539e59d09847c3303683e70ecf81f202"}
,"/home/panda/Desktop/hello_react/src/ListItems.jsx": {"path":"/home/panda/Desktop/hello_react/src/ListItems.jsx","statementMap":{"0":{"start":{"line":4,"column":17},"end":{"line":41,"column":1}},"1":{"start":{"line":6,"column":4},"end":{"line":6,"column":23}},"2":{"start":{"line":7,"column":19},"end":{"line":7,"column":32}},"3":{"start":{"line":8,"column":24},"end":{"line":11,"column":5}},"4":{"start":{"line":9,"column":8},"end":{"line":9,"column":32}},"5":{"start":{"line":14,"column":4},"end":{"line":40,"column":11}},"6":{"start":{"line":17,"column":12},"end":{"line":37,"column":22}},"7":{"start":{"line":31,"column":218},"end":{"line":31,"column":237}}},"fnMap":{"0":{"name":"(anonymous_0)","decl":{"start":{"line":4,"column":17},"end":{"line":4,"column":18}},"loc":{"start":{"line":4,"column":26},"end":{"line":41,"column":1}},"line":4},"1":{"name":"(anonymous_1)","decl":{"start":{"line":8,"column":24},"end":{"line":8,"column":25}},"loc":{"start":{"line":8,"column":32},"end":{"line":11,"column":5}},"line":8},"2":{"name":"(anonymous_2)","decl":{"start":{"line":16,"column":24},"end":{"line":16,"column":25}},"loc":{"start":{"line":17,"column":12},"end":{"line":37,"column":22}},"line":17},"3":{"name":"(anonymous_3)","decl":{"start":{"line":31,"column":214},"end":{"line":31,"column":215}},"loc":{"start":{"line":31,"column":218},"end":{"line":31,"column":237}},"line":31}},"branchMap":{},"s":{"0":1,"1":3,"2":3,"3":3,"4":1,"5":3,"6":7,"7":1},"f":{"0":3,"1":1,"2":7,"3":1},"b":{},"_coverageSchema":"1a1c01bbd47fc00a2c39e90264f33305004495a9","hash":"4ca569c05027b8df5cfc87ea5d0372b747619c44"}
,"/home/panda/Desktop/hello_react/src/Rescard.jsx": {"path":"/home/panda/Desktop/hello_react/src/Rescard.jsx","statementMap":{"0":{"start":{"line":2,"column":14},"end":{"line":18,"column":1}},"1":{"start":{"line":3,"column":20},"end":{"line":3,"column":25}},"2":{"start":{"line":5,"column":4},"end":{"line":17,"column":5}},"3":{"start":{"line":19,"column":22},"end":{"line":30,"column":1}},"4":{"start":{"line":20,"column":4},"end":{"line":29,"column":5}},"5":{"start":{"line":21,"column":8},"end":{"line":26,"column":15}}},"fnMap":{"0":{"name":"(anonymous_0)","decl":{"start":{"line":2,"column":14},"end":{"line":2,"column":15}},"loc":{"start":{"line":2,"column":23},"end":{"line":18,"column":1}},"line":2},"1":{"name":"(anonymous_1)","decl":{"start":{"line":19,"column":22},"end":{"line":19,"column":23}},"loc":{"start":{"line":19,"column":33},"end":{"line":30,"column":1}},"line":19},"2":{"name":"(anonymous_2)","decl":{"start":{"line":20,"column":11},"end":{"line":20,"column":12}},"loc":{"start":{"line":20,"column":20},"end":{"line":29,"column":5}},"line":20}},"branchMap":{},"s":{"0":2,"1":77,"2":77,"3":2,"4":7,"5":0},"f":{"0":77,"1":7,"2":0},"b":{},"_coverageSchema":"1a1c01bbd47fc00a2c39e90264f33305004495a9","hash":"dfa19509a376913c1214fac620f60cc47435e3fd"}
,"/home/panda/Desktop/hello_react/src/RestaurantCategory.jsx": {"path":"/home/panda/Desktop/hello_react/src/RestaurantCategory.jsx","statementMap":{"0":{"start":{"line":3,"column":25},"end":{"line":27,"column":1}},"1":{"start":{"line":11,"column":24},"end":{"line":13,"column":5}},"2":{"start":{"line":12,"column":8},"end":{"line":12,"column":22}},"3":{"start":{"line":15,"column":4},"end":{"line":26,"column":10}}},"fnMap":{"0":{"name":"(anonymous_0)","decl":{"start":{"line":3,"column":25},"end":{"line":3,"column":26}},"loc":{"start":{"line":3,"column":56},"end":{"line":27,"column":1}},"line":3},"1":{"name":"(anonymous_1)","decl":{"start":{"line":11,"column":24},"end":{"line":11,"column":25}},"loc":{"start":{"line":11,"column":28},"end":{"line":13,"column":5}},"line":11}},"branchMap":{"0":{"loc":{"start":{"line":23,"column":13},"end":{"line":23,"column":62}},"type":"binary-expr","locations":[{"start":{"line":23,"column":13},"end":{"line":23,"column":21}},{"start":{"line":23,"column":23},"end":{"line":23,"column":62}}],"line":23}},"s":{"0":1,"1":33,"2":2,"3":33},"f":{"0":33,"1":2},"b":{"0":[33,1]},"_coverageSchema":"1a1c01bbd47fc00a2c39e90264f33305004495a9","hash":"1ad081a8b21edb91ad8b08e0e4135f78f39bbda9"}
,"/home/panda/Desktop/hello_react/src/RestaurantMenu.jsx": {"path":"/home/panda/Desktop/hello_react/src/RestaurantMenu.jsx","statementMap":{"0":{"start":{"line":5,"column":21},"end":{"line":26,"column":1}},"1":{"start":{"line":6,"column":18},"end":{"line":6,"column":29}},"2":{"start":{"line":7,"column":19},"end":{"line":7,"column":44}},"3":{"start":{"line":8,"column":33},"end":{"line":8,"column":47}},"4":{"start":{"line":9,"column":4},"end":{"line":11,"column":5}},"5":{"start":{"line":10,"column":8},"end":{"line":10,"column":35}},"6":{"start":{"line":12,"column":75},"end":{"line":12,"column":116}},"7":{"start":{"line":13,"column":23},"end":{"line":13,"column":189}},"8":{"start":{"line":13,"column":99},"end":{"line":13,"column":188}},"9":{"start":{"line":14,"column":30},"end":{"line":14,"column":203}},"10":{"start":{"line":14,"column":107},"end":{"line":14,"column":202}},"11":{"start":{"line":15,"column":4},"end":{"line":25,"column":10}},"12":{"start":{"line":19,"column":40},"end":{"line":19,"column":186}},"13":{"start":{"line":19,"column":108},"end":{"line":19,"column":157}}},"fnMap":{"0":{"name":"(anonymous_0)","decl":{"start":{"line":5,"column":21},"end":{"line":5,"column":22}},"loc":{"start":{"line":5,"column":25},"end":{"line":26,"column":1}},"line":5},"1":{"name":"(anonymous_1)","decl":{"start":{"line":13,"column":96},"end":{"line":13,"column":97}},"loc":{"start":{"line":13,"column":99},"end":{"line":13,"column":188}},"line":13},"2":{"name":"(anonymous_2)","decl":{"start":{"line":14,"column":104},"end":{"line":14,"column":105}},"loc":{"start":{"line":14,"column":107},"end":{"line":14,"column":202}},"line":14},"3":{"name":"(anonymous_3)","decl":{"start":{"line":19,"column":24},"end":{"line":19,"column":25}},"loc":{"start":{"line":19,"column":40},"end":{"line":19,"column":186}},"line":19},"4":{"name":"(anonymous_4)","decl":{"start":{"line":19,"column":104},"end":{"line":19,"column":105}},"loc":{"start":{"line":19,"column":108},"end":{"line":19,"column":157}},"line":19}},"branchMap":{"0":{"loc":{"start":{"line":9,"column":4},"end":{"line":11,"column":5}},"type":"if","locations":[{"start":{"line":9,"column":4},"end":{"line":11,"column":5}},{"start":{},"end":{}}],"line":9},"1":{"loc":{"start":{"line":19,"column":108},"end":{"line":19,"column":157}},"type":"cond-expr","locations":[{"start":{"line":19,"column":123},"end":{"line":19,"column":140}},{"start":{"line":19,"column":141},"end":{"line":19,"column":157}}],"line":19}},"s":{"0":1,"1":4,"2":4,"3":4,"4":4,"5":1,"6":3,"7":3,"8":45,"9":3,"10":0,"11":3,"12":33,"13":2},"f":{"0":4,"1":45,"2":0,"3":33,"4":2},"b":{"0":[1,3],"1":[1,1]},"_coverageSchema":"1a1c01bbd47fc00a2c39e90264f33305004495a9","hash":"89cdc5b9e387f7f9db69c3781cd1ce8ab18ef61e"}
,"/home/panda/Desktop/hello_react/src/Shimmer.jsx": {"path":"/home/panda/Desktop/hello_react/src/Shimmer.jsx","statementMap":{"0":{"start":{"line":1,"column":14},"end":{"line":25,"column":1}},"1":{"start":{"line":2,"column":4},"end":{"line":24,"column":10}}},"fnMap":{"0":{"name":"(anonymous_0)","decl":{"start":{"line":1,"column":14},"end":{"line":1,"column":15}},"loc":{"start":{"line":1,"column":18},"end":{"line":25,"column":1}},"line":1}},"branchMap":{},"s":{"0":1,"1":2},"f":{"0":2},"b":{},"_coverageSchema":"1a1c01bbd47fc00a2c39e90264f33305004495a9","hash":"1fac4849c4260cd0ec7997a832136ca1fcb2156b"}
,"/home/panda/Desktop/hello_react/src/sum.js": {"path":"/home/panda/Desktop/hello_react/src/sum.js","statementMap":{"0":{"start":{"line":1,"column":10},"end":{"line":4,"column":1}},"1":{"start":{"line":2,"column":4},"end":{"line":2,"column":15}}},"fnMap":{"0":{"name":"(anonymous_0)","decl":{"start":{"line":1,"column":10},"end":{"line":1,"column":11}},"loc":{"start":{"line":1,"column":17},"end":{"line":4,"column":1}},"line":1}},"branchMap":{},"s":{"0":1,"1":1},"f":{"0":1},"b":{},"_coverageSchema":"1a1c01bbd47fc00a2c39e90264f33305004495a9","hash":"6c669f29bbd7e4fa386162b0cce7b92aa600ad3b"}
,"/home/panda/Desktop/hello_react/src/utils/RestaurantMenuData.js": {"path":"/home/panda/Desktop/hello_react/src/utils/RestaurantMenuData.js","statementMap":{"0":{"start":{"line":3,"column":25},"end":{"line":15,"column":1}},"1":{"start":{"line":4,"column":31},"end":{"line":4,"column":45}},"2":{"start":{"line":5,"column":4},"end":{"line":7,"column":10}},"3":{"start":{"line":6,"column":8},"end":{"line":6,"column":25}},"4":{"start":{"line":8,"column":20},"end":{"line":13,"column":5}},"5":{"start":{"line":9,"column":19},"end":{"line":9,"column":54}},"6":{"start":{"line":10,"column":24},"end":{"line":10,"column":41}},"7":{"start":{"line":11,"column":8},"end":{"line":11,"column":31}},"8":{"start":{"line":12,"column":8},"end":{"line":12,"column":30}},"9":{"start":{"line":14,"column":4},"end":{"line":14,"column":19}}},"fnMap":{"0":{"name":"(anonymous_0)","decl":{"start":{"line":3,"column":25},"end":{"line":3,"column":26}},"loc":{"start":{"line":3,"column":34},"end":{"line":15,"column":1}},"line":3},"1":{"name":"(anonymous_1)","decl":{"start":{"line":5,"column":14},"end":{"line":5,"column":15}},"loc":{"start":{"line":5,"column":18},"end":{"line":7,"column":5}},"line":5},"2":{"name":"(anonymous_2)","decl":{"start":{"line":8,"column":20},"end":{"line":8,"column":21}},"loc":{"start":{"line":8,"column":35},"end":{"line":13,"column":5}},"line":8}},"branchMap":{},"s":{"0":1,"1":4,"2":4,"3":1,"4":4,"5":1,"6":1,"7":1,"8":1,"9":4},"f":{"0":4,"1":1,"2":1},"b":{},"_coverageSchema":"1a1c01bbd47fc00a2c39e90264f33305004495a9","hash":"2010c2858f7ebb4c3921ecd1aa8b09b7b84e11ae"}
,"/home/panda/Desktop/hello_react/src/utils/UserContext.js": {"path":"/home/panda/Desktop/hello_react/src/utils/UserContext.js","statementMap":{"0":{"start":{"line":2,"column":19},"end":{"line":4,"column":2}}},"fnMap":{},"branchMap":{},"s":{"0":3},"f":{},"b":{},"_coverageSchema":"1a1c01bbd47fc00a2c39e90264f33305004495a9","hash":"17a2bb7729905b0ab9cca930053534a9ef233dbf"}
,"/home/panda/Desktop/hello_react/src/utils/appStore.js": {"path":"/home/panda/Desktop/hello_react/src/utils/appStore.js","statementMap":{"0":{"start":{"line":3,"column":15},"end":{"line":8,"column":2}}},"fnMap":{},"branchMap":{},"s":{"0":2},"f":{},"b":{},"_coverageSchema":"1a1c01bbd47fc00a2c39e90264f33305004495a9","hash":"cb023f761aa0f3e38410632476a2b5b57431bb56"}
,"/home/panda/Desktop/hello_react/src/utils/cartMockData.js": {"path":"/home/panda/Desktop/hello_react/src/utils/cartMockData.js","statementMap":{"0":{"start":{"line":1,"column":22},"end":{"line":5786,"column":1}}},"fnMap":{},"branchMap":{},"s":{"0":1},"f":{},"b":{},"_coverageSchema":"1a1c01bbd47fc00a2c39e90264f33305004495a9","hash":"ea201712103f2eb128c9c0c83fad1ab512d43d65"}
,"/home/panda/Desktop/hello_react/src/utils/cartSlice.js": {"path":"/home/panda/Desktop/hello_react/src/utils/cartSlice.js","statementMap":{"0":{"start":{"line":2,"column":16},"end":{"line":20,"column":2}},"1":{"start":{"line":9,"column":12},"end":{"line":9,"column":45}},"2":{"start":{"line":14,"column":12},"end":{"line":14,"column":30}},"3":{"start":{"line":17,"column":12},"end":{"line":17,"column":33}},"4":{"start":{"line":21,"column":44},"end":{"line":21,"column":61}}},"fnMap":{"0":{"name":"(anonymous_0)","decl":{"start":{"line":8,"column":16},"end":{"line":8,"column":17}},"loc":{"start":{"line":8,"column":32},"end":{"line":12,"column":9}},"line":8},"1":{"name":"(anonymous_1)","decl":{"start":{"line":13,"column":19},"end":{"line":13,"column":20}},"loc":{"start":{"line":13,"column":28},"end":{"line":15,"column":9}},"line":13},"2":{"name":"(anonymous_2)","decl":{"start":{"line":16,"column":18},"end":{"line":16,"column":19}},"loc":{"start":{"line":16,"column":27},"end":{"line":18,"column":9}},"line":16}},"branchMap":{},"s":{"0":2,"1":1,"2":0,"3":0,"4":2},"f":{"0":1,"1":0,"2":0},"b":{},"_coverageSchema":"1a1c01bbd47fc00a2c39e90264f33305004495a9","hash":"aa667bd2be2a5c450e71d14c50ee1d2b902596c2"}
,"/home/panda/Desktop/hello_react/src/utils/constants.js": {"path":"/home/panda/Desktop/hello_react/src/utils/constants.js","statementMap":{"0":{"start":{"line":1,"column":22},"end":{"line":1,"column":123}},"1":{"start":{"line":2,"column":23},"end":{"line":2,"column":106}},"2":{"start":{"line":3,"column":31},"end":{"line":3,"column":166}}},"fnMap":{},"branchMap":{},"s":{"0":4,"1":4,"2":4},"f":{},"b":{},"_coverageSchema":"1a1c01bbd47fc00a2c39e90264f33305004495a9","hash":"b7dc54ffbf845981bf2849a49f9a1f9be9f2ebe3"}
,"/home/panda/Desktop/hello_react/src/utils/fetchMockData.js": {"path":"/home/panda/Desktop/hello_react/src/utils/fetchMockData.js","statementMap":{"0":{"start":{"line":1,"column":22},"end":{"line":7371,"column":1}}},"fnMap":{},"branchMap":{},"s":{"0":1},"f":{},"b":{},"_coverageSchema":"1a1c01bbd47fc00a2c39e90264f33305004495a9","hash":"1482cfbe186543078635b2be2166431fb811cfca"}
,"/home/panda/Desktop/hello_react/src/utils/mockData.js": {"path":"/home/panda/Desktop/hello_react/src/utils/mockData.js","statementMap":{"0":{"start":{"line":1,"column":14},"end":{"line":77,"column":1}}},"fnMap":{},"branchMap":{},"s":{"0":2},"f":{},"b":{},"_coverageSchema":"1a1c01bbd47fc00a2c39e90264f33305004495a9","hash":"1c3b1fa2864bbef289c626d571535bae48c23823"}
}
